[debug] [2025-07-19T13:38:17.917Z] ----------------------------------------------------------------------
[debug] [2025-07-19T13:38:17.919Z] Command:       C:\Program Files\nodejs\node.exe C:\Users\allen\AppData\Roaming\npm\node_modules\firebase-tools\lib\bin\firebase.js init
[debug] [2025-07-19T13:38:17.919Z] CLI Version:   14.11.0
[debug] [2025-07-19T13:38:17.919Z] Platform:      win32
[debug] [2025-07-19T13:38:17.920Z] Node Version:  v22.17.0
[debug] [2025-07-19T13:38:17.920Z] Time:          Sat Jul 19 2025 19:08:17 GMT+0530 (India Standard Time)
[debug] [2025-07-19T13:38:17.920Z] ----------------------------------------------------------------------
[debug] 
[debug] [2025-07-19T13:38:18.087Z] > command requires scopes: ["email","openid","https://www.googleapis.com/auth/cloudplatformprojects.readonly","https://www.googleapis.com/auth/firebase","https://www.googleapis.com/auth/cloud-platform"]
[debug] [2025-07-19T13:38:18.087Z] > authorizing via signed-in user (allenflashasir1992@gmail.com)
[info] 
     ######## #### ########  ######## ########     ###     ######  ########
     ##        ##  ##     ## ##       ##     ##  ##   ##  ##       ##
     ######    ##  ########  ######   ########  #########  ######  ######
     ##        ##  ##    ##  ##       ##     ## ##     ##       ## ##
     ##       #### ##     ## ######## ########  ##     ##  ######  ########

You're about to initialize a Firebase project in this directory:

  C:\Users\allen\Downloads\Full-Stack-Car-Client-main

Before we get started, keep in mind:

  * You are initializing within an existing Firebase project directory

[info] 
=== Project Setup
[info] 
[info] First, let's associate this project directory with a Firebase project.
[info] You can create multiple project aliases by running firebase use --add, 
[info] but for now we'll just set up a default project.
[info] 
[debug] [2025-07-19T13:39:59.600Z] Using project from CLI flag: full-stack-car-app
[debug] [2025-07-19T13:39:59.601Z] Checked if tokens are valid: true, expires at: 1752935874760
[debug] [2025-07-19T13:39:59.601Z] Checked if tokens are valid: true, expires at: 1752935874760
[debug] [2025-07-19T13:39:59.602Z] >>> [apiv2][query] GET https://firebase.googleapis.com/v1beta1/projects/full-stack-car-app [none]
[debug] [2025-07-19T13:40:00.195Z] <<< [apiv2][status] GET https://firebase.googleapis.com/v1beta1/projects/full-stack-car-app 403
[debug] [2025-07-19T13:40:00.195Z] <<< [apiv2][body] GET https://firebase.googleapis.com/v1beta1/projects/full-stack-car-app {"error":{"code":403,"message":"The caller does not have permission","status":"PERMISSION_DENIED"}}
[debug] [2025-07-19T13:40:00.196Z] Request to https://firebase.googleapis.com/v1beta1/projects/full-stack-car-app had HTTP Error: 403, The caller does not have permission
[debug] [2025-07-19T13:40:00.505Z] FirebaseError: Request to https://firebase.googleapis.com/v1beta1/projects/full-stack-car-app had HTTP Error: 403, The caller does not have permission
    at responseToError (C:\Users\allen\AppData\Roaming\npm\node_modules\firebase-tools\lib\responseToError.js:52:12)
    at RetryOperation._fn (C:\Users\allen\AppData\Roaming\npm\node_modules\firebase-tools\lib\apiv2.js:312:77)
    at process.processTicksAndRejections (node:internal/process/task_queues:105:5)
[error] 
[error] Error: Failed to get Firebase project full-stack-car-app. Please make sure the project exists and your account has permission to access it.
[debug] [2025-07-19T13:42:17.936Z] ----------------------------------------------------------------------
[debug] [2025-07-19T13:42:17.938Z] Command:       C:\Program Files\nodejs\node.exe C:\Users\allen\AppData\Roaming\npm\node_modules\firebase-tools\lib\bin\firebase.js init
[debug] [2025-07-19T13:42:17.938Z] CLI Version:   14.11.0
[debug] [2025-07-19T13:42:17.938Z] Platform:      win32
[debug] [2025-07-19T13:42:17.938Z] Node Version:  v22.17.0
[debug] [2025-07-19T13:42:17.938Z] Time:          Sat Jul 19 2025 19:12:17 GMT+0530 (India Standard Time)
[debug] [2025-07-19T13:42:17.938Z] ----------------------------------------------------------------------
[debug] 
[debug] [2025-07-19T13:42:18.111Z] > command requires scopes: ["email","openid","https://www.googleapis.com/auth/cloudplatformprojects.readonly","https://www.googleapis.com/auth/firebase","https://www.googleapis.com/auth/cloud-platform"]
[debug] [2025-07-19T13:42:18.111Z] > authorizing via signed-in user (allenflashasir1992@gmail.com)
[info] 
     ######## #### ########  ######## ########     ###     ######  ########
     ##        ##  ##     ## ##       ##     ##  ##   ##  ##       ##
     ######    ##  ########  ######   ########  #########  ######  ######
     ##        ##  ##    ##  ##       ##     ## ##     ##       ## ##
     ##       #### ##     ## ######## ########  ##     ##  ######  ########

You're about to initialize a Firebase project in this directory:

  C:\Users\allen\Downloads\Full-Stack-Car-Client-main

Before we get started, keep in mind:

  * You are initializing within an existing Firebase project directory

[info] 
=== Project Setup
[info] 
[info] First, let's associate this project directory with a Firebase project.
[info] You can create multiple project aliases by running firebase use --add, 
[info] but for now we'll just set up a default project.
[info] 
[debug] [2025-07-19T13:42:48.606Z] Using project from CLI flag: full-stack-car-app
[debug] [2025-07-19T13:42:48.607Z] Checked if tokens are valid: true, expires at: 1752935874760
[debug] [2025-07-19T13:42:48.607Z] Checked if tokens are valid: true, expires at: 1752935874760
[debug] [2025-07-19T13:42:48.608Z] >>> [apiv2][query] GET https://firebase.googleapis.com/v1beta1/projects/full-stack-car-app [none]
[debug] [2025-07-19T13:42:49.515Z] <<< [apiv2][status] GET https://firebase.googleapis.com/v1beta1/projects/full-stack-car-app 403
[debug] [2025-07-19T13:42:49.515Z] <<< [apiv2][body] GET https://firebase.googleapis.com/v1beta1/projects/full-stack-car-app {"error":{"code":403,"message":"The caller does not have permission","status":"PERMISSION_DENIED"}}
[debug] [2025-07-19T13:42:49.515Z] Request to https://firebase.googleapis.com/v1beta1/projects/full-stack-car-app had HTTP Error: 403, The caller does not have permission
[debug] [2025-07-19T13:42:49.724Z] FirebaseError: Request to https://firebase.googleapis.com/v1beta1/projects/full-stack-car-app had HTTP Error: 403, The caller does not have permission
    at responseToError (C:\Users\allen\AppData\Roaming\npm\node_modules\firebase-tools\lib\responseToError.js:52:12)
    at RetryOperation._fn (C:\Users\allen\AppData\Roaming\npm\node_modules\firebase-tools\lib\apiv2.js:312:77)
    at process.processTicksAndRejections (node:internal/process/task_queues:105:5)
[error] 
[error] Error: Failed to get Firebase project full-stack-car-app. Please make sure the project exists and your account has permission to access it.
